[{"line":2,"elements":[{"start_timestamp":"2025-03-22T06:39:21.729Z","before":[{"result":{"duration":1535519000,"status":"passed"},"match":{"location":"ui.stepDef.CucumberHook.beforeTest()"}}],"line":4,"name":"Show Product Detail Page","description":"","id":"dashboard;show-product-detail-page","after":[{"result":{"duration":142254800,"status":"passed"},"match":{"location":"ui.stepDef.CucumberHook.afterTest()"}}],"type":"scenario","keyword":"Scenario","steps":[{"result":{"duration":1819285800,"status":"passed"},"line":5,"name":"user login with username \"shafa\" and password \"shafa\"","match":{"arguments":[{"val":"\"shafa\"","offset":25},{"val":"\"shafa\"","offset":46}],"location":"ui.stepDef.LoginStepDef.userLoginWithUsernameAndPassword(java.lang.String,java.lang.String)"},"keyword":"Given "},{"result":{"error_message":"org.openqa.selenium.StaleElementReferenceException: stale element reference: stale element not found\n  (Session info: chrome=134.0.6998.118)\nFor documentation on this error, please visit: https://www.selenium.dev/documentation/webdriver/troubleshooting/errors#stale-element-reference-exception\nBuild info: version: '4.22.0', revision: 'c5f3146703*'\nSystem info: os.name: 'Windows 11', os.arch: 'amd64', os.version: '10.0', java.version: '23'\nDriver info: org.openqa.selenium.chrome.ChromeDriver\nCommand: [0c6e8338ef42d40c189001369481f226, clickElement {id=f.15591D242EAD78000AE22E65934D5BE5.d.93A57C3F9C3E4962DC57723F2C04F053.e.96}]\nCapabilities {acceptInsecureCerts: false, browserName: chrome, browserVersion: 134.0.6998.118, chrome: {chromedriverVersion: 134.0.6998.90 (219ee74681fc..., userDataDir: C:\\Users\\daftd\\AppData\\Loca...}, fedcm:accounts: true, goog:chromeOptions: {debuggerAddress: localhost:49613}, networkConnectionEnabled: false, pageLoadStrategy: normal, platformName: windows, proxy: Proxy(), se:cdp: ws://localhost:49613/devtoo..., se:cdpVersion: 134.0.6998.118, setWindowRect: true, strictFileInteractability: false, timeouts: {implicit: 0, pageLoad: 300000, script: 30000}, unhandledPromptBehavior: dismiss and notify, webauthn:extension:credBlob: true, webauthn:extension:largeBlob: true, webauthn:extension:minPinLength: true, webauthn:extension:prf: true, webauthn:virtualAuthenticators: true}\nElement: [[ChromeDriver: chrome on windows (0c6e8338ef42d40c189001369481f226)] -> xpath: //a[text()='Nexus 6']]\nSession ID: 0c6e8338ef42d40c189001369481f226\r\n\tat java.base/jdk.internal.reflect.DirectConstructorHandleAccessor.newInstance(DirectConstructorHandleAccessor.java:62)\r\n\tat java.base/java.lang.reflect.Constructor.newInstanceWithCaller(Constructor.java:501)\r\n\tat java.base/java.lang.reflect.Constructor.newInstance(Constructor.java:485)\r\n\tat org.openqa.selenium.remote.ErrorCodec.decode(ErrorCodec.java:167)\r\n\tat org.openqa.selenium.remote.codec.w3c.W3CHttpResponseCodec.decode(W3CHttpResponseCodec.java:138)\r\n\tat org.openqa.selenium.remote.codec.w3c.W3CHttpResponseCodec.decode(W3CHttpResponseCodec.java:50)\r\n\tat org.openqa.selenium.remote.HttpCommandExecutor.execute(HttpCommandExecutor.java:190)\r\n\tat org.openqa.selenium.remote.service.DriverCommandExecutor.invokeExecute(DriverCommandExecutor.java:216)\r\n\tat org.openqa.selenium.remote.service.DriverCommandExecutor.execute(DriverCommandExecutor.java:174)\r\n\tat org.openqa.selenium.remote.RemoteWebDriver.execute(RemoteWebDriver.java:518)\r\n\tat org.openqa.selenium.remote.RemoteWebElement.execute(RemoteWebElement.java:223)\r\n\tat org.openqa.selenium.remote.RemoteWebElement.click(RemoteWebElement.java:76)\r\n\tat ui.pages.DashboardPage.clickProduct(DashboardPage.java:20)\r\n\tat ui.stepDef.DashboardStepDef.userClickLoginNavMenu(DashboardStepDef.java:15)\r\n\tat ✽.user click product with title \"Nexus 6\"(file:///A:/Shafa/homework/Gradlesha/FP/src/test/java/ui/features/dashboard.feature:6)\r\n","duration":817960500,"status":"failed"},"line":6,"name":"user click product with title \"Nexus 6\"","match":{"arguments":[{"val":"\"Nexus 6\"","offset":30}],"location":"ui.stepDef.DashboardStepDef.userClickLoginNavMenu(java.lang.String)"},"keyword":"When "},{"result":{"status":"skipped"},"line":7,"name":"user will navigate to product detail","match":{"location":"ui.stepDef.DashboardStepDef.userWillNavigateToProductDetail()"},"keyword":"Then "}],"tags":[{"name":"@web"}]},{"start_timestamp":"2025-03-22T06:39:26.063Z","before":[{"result":{"duration":658583500,"status":"passed"},"match":{"location":"ui.stepDef.CucumberHook.beforeTest()"}}],"line":9,"name":"Add product to cart - success","description":"","id":"dashboard;add-product-to-cart---success","after":[{"result":{"duration":155484100,"status":"passed"},"match":{"location":"ui.stepDef.CucumberHook.afterTest()"}}],"type":"scenario","keyword":"Scenario","steps":[{"result":{"duration":1802334900,"status":"passed"},"line":10,"name":"user login with username \"shafa\" and password \"shafa\"","match":{"arguments":[{"val":"\"shafa\"","offset":25},{"val":"\"shafa\"","offset":46}],"location":"ui.stepDef.LoginStepDef.userLoginWithUsernameAndPassword(java.lang.String,java.lang.String)"},"keyword":"Given "},{"result":{"error_message":"org.openqa.selenium.StaleElementReferenceException: stale element reference: stale element not found\n  (Session info: chrome=134.0.6998.118)\nFor documentation on this error, please visit: https://www.selenium.dev/documentation/webdriver/troubleshooting/errors#stale-element-reference-exception\nBuild info: version: '4.22.0', revision: 'c5f3146703*'\nSystem info: os.name: 'Windows 11', os.arch: 'amd64', os.version: '10.0', java.version: '23'\nDriver info: org.openqa.selenium.chrome.ChromeDriver\nCommand: [14d5e6e35693ee56b080f82469f9f530, clickElement {id=f.FA3EF8EFA770CFE472FFF72A97086B3A.d.107BEA8AF841FD24B84D72F9DD2B0479.e.93}]\nCapabilities {acceptInsecureCerts: false, browserName: chrome, browserVersion: 134.0.6998.118, chrome: {chromedriverVersion: 134.0.6998.90 (219ee74681fc..., userDataDir: C:\\Users\\daftd\\AppData\\Loca...}, fedcm:accounts: true, goog:chromeOptions: {debuggerAddress: localhost:49634}, networkConnectionEnabled: false, pageLoadStrategy: normal, platformName: windows, proxy: Proxy(), se:cdp: ws://localhost:49634/devtoo..., se:cdpVersion: 134.0.6998.118, setWindowRect: true, strictFileInteractability: false, timeouts: {implicit: 0, pageLoad: 300000, script: 30000}, unhandledPromptBehavior: dismiss and notify, webauthn:extension:credBlob: true, webauthn:extension:largeBlob: true, webauthn:extension:minPinLength: true, webauthn:extension:prf: true, webauthn:virtualAuthenticators: true}\nElement: [[ChromeDriver: chrome on windows (14d5e6e35693ee56b080f82469f9f530)] -> xpath: //a[text()='Nexus 6']]\nSession ID: 14d5e6e35693ee56b080f82469f9f530\r\n\tat java.base/jdk.internal.reflect.DirectConstructorHandleAccessor.newInstance(DirectConstructorHandleAccessor.java:62)\r\n\tat java.base/java.lang.reflect.Constructor.newInstanceWithCaller(Constructor.java:501)\r\n\tat java.base/java.lang.reflect.Constructor.newInstance(Constructor.java:485)\r\n\tat org.openqa.selenium.remote.ErrorCodec.decode(ErrorCodec.java:167)\r\n\tat org.openqa.selenium.remote.codec.w3c.W3CHttpResponseCodec.decode(W3CHttpResponseCodec.java:138)\r\n\tat org.openqa.selenium.remote.codec.w3c.W3CHttpResponseCodec.decode(W3CHttpResponseCodec.java:50)\r\n\tat org.openqa.selenium.remote.HttpCommandExecutor.execute(HttpCommandExecutor.java:190)\r\n\tat org.openqa.selenium.remote.service.DriverCommandExecutor.invokeExecute(DriverCommandExecutor.java:216)\r\n\tat org.openqa.selenium.remote.service.DriverCommandExecutor.execute(DriverCommandExecutor.java:174)\r\n\tat org.openqa.selenium.remote.RemoteWebDriver.execute(RemoteWebDriver.java:518)\r\n\tat org.openqa.selenium.remote.RemoteWebElement.execute(RemoteWebElement.java:223)\r\n\tat org.openqa.selenium.remote.RemoteWebElement.click(RemoteWebElement.java:76)\r\n\tat ui.pages.DashboardPage.clickProduct(DashboardPage.java:20)\r\n\tat ui.stepDef.DashboardStepDef.userClickLoginNavMenu(DashboardStepDef.java:15)\r\n\tat ✽.user click product with title \"Nexus 6\"(file:///A:/Shafa/homework/Gradlesha/FP/src/test/java/ui/features/dashboard.feature:11)\r\n","duration":827803500,"status":"failed"},"line":11,"name":"user click product with title \"Nexus 6\"","match":{"arguments":[{"val":"\"Nexus 6\"","offset":30}],"location":"ui.stepDef.DashboardStepDef.userClickLoginNavMenu(java.lang.String)"},"keyword":"When "},{"result":{"status":"skipped"},"line":12,"name":"user will navigate to product detail","match":{"location":"ui.stepDef.DashboardStepDef.userWillNavigateToProductDetail()"},"keyword":"Then "},{"result":{"status":"skipped"},"line":13,"name":"user click add to cart","match":{"location":"ui.stepDef.DashboardStepDef.userClickAddToCart()"},"keyword":"When "},{"result":{"status":"skipped"},"line":14,"name":"alert will show \"Product added.\"","match":{"arguments":[{"val":"\"Product added.\"","offset":16}],"location":"ui.stepDef.LoginStepDef.alertWillShow(java.lang.String)"},"keyword":"Then "}],"tags":[{"name":"@web"}]},{"start_timestamp":"2025-03-22T06:39:29.513Z","before":[{"result":{"duration":931150800,"status":"passed"},"match":{"location":"ui.stepDef.CucumberHook.beforeTest()"}}],"line":16,"name":"Add product to cart - undefined product","description":"","id":"dashboard;add-product-to-cart---undefined-product","after":[{"result":{"duration":141637800,"status":"passed"},"match":{"location":"ui.stepDef.CucumberHook.afterTest()"}}],"type":"scenario","keyword":"Scenario","steps":[{"result":{"duration":1934011900,"status":"passed"},"line":17,"name":"user login with username \"shafa\" and password \"shafa\"","match":{"arguments":[{"val":"\"shafa\"","offset":25},{"val":"\"shafa\"","offset":46}],"location":"ui.stepDef.LoginStepDef.userLoginWithUsernameAndPassword(java.lang.String,java.lang.String)"},"keyword":"Given "},{"result":{"duration":500577300,"status":"passed"},"line":18,"name":"user go to this url \"https://www.demoblaze.com/prod.html?idp_=99\"","match":{"arguments":[{"val":"\"https://www.demoblaze.com/prod.html?idp_=99\"","offset":20}],"location":"ui.stepDef.DashboardStepDef.userGoToThisUrl(java.lang.String)"},"keyword":"When "},{"result":{"error_message":"org.openqa.selenium.NoSuchElementException: no such element: Unable to locate element: {\"method\":\"xpath\",\"selector\":\"//a[text()='Add to cart']\"}\n  (Session info: chrome=134.0.6998.118)\nFor documentation on this error, please visit: https://www.selenium.dev/documentation/webdriver/troubleshooting/errors#no-such-element-exception\nBuild info: version: '4.22.0', revision: 'c5f3146703*'\nSystem info: os.name: 'Windows 11', os.arch: 'amd64', os.version: '10.0', java.version: '23'\nDriver info: org.openqa.selenium.chrome.ChromeDriver\nCommand: [c214dc3d5a59906768d61accf19e6f7f, findElement {using=xpath, value=//a[text()='Add to cart']}]\nCapabilities {acceptInsecureCerts: false, browserName: chrome, browserVersion: 134.0.6998.118, chrome: {chromedriverVersion: 134.0.6998.90 (219ee74681fc..., userDataDir: C:\\Users\\daftd\\AppData\\Loca...}, fedcm:accounts: true, goog:chromeOptions: {debuggerAddress: localhost:49661}, networkConnectionEnabled: false, pageLoadStrategy: normal, platformName: windows, proxy: Proxy(), se:cdp: ws://localhost:49661/devtoo..., se:cdpVersion: 134.0.6998.118, setWindowRect: true, strictFileInteractability: false, timeouts: {implicit: 0, pageLoad: 300000, script: 30000}, unhandledPromptBehavior: dismiss and notify, webauthn:extension:credBlob: true, webauthn:extension:largeBlob: true, webauthn:extension:minPinLength: true, webauthn:extension:prf: true, webauthn:virtualAuthenticators: true}\nSession ID: c214dc3d5a59906768d61accf19e6f7f\r\n\tat java.base/jdk.internal.reflect.DirectConstructorHandleAccessor.newInstance(DirectConstructorHandleAccessor.java:62)\r\n\tat java.base/java.lang.reflect.Constructor.newInstanceWithCaller(Constructor.java:501)\r\n\tat java.base/java.lang.reflect.Constructor.newInstance(Constructor.java:485)\r\n\tat org.openqa.selenium.remote.ErrorCodec.decode(ErrorCodec.java:167)\r\n\tat org.openqa.selenium.remote.codec.w3c.W3CHttpResponseCodec.decode(W3CHttpResponseCodec.java:138)\r\n\tat org.openqa.selenium.remote.codec.w3c.W3CHttpResponseCodec.decode(W3CHttpResponseCodec.java:50)\r\n\tat org.openqa.selenium.remote.HttpCommandExecutor.execute(HttpCommandExecutor.java:190)\r\n\tat org.openqa.selenium.remote.service.DriverCommandExecutor.invokeExecute(DriverCommandExecutor.java:216)\r\n\tat org.openqa.selenium.remote.service.DriverCommandExecutor.execute(DriverCommandExecutor.java:174)\r\n\tat org.openqa.selenium.remote.RemoteWebDriver.execute(RemoteWebDriver.java:518)\r\n\tat org.openqa.selenium.remote.ElementLocation$ElementFinder$2.findElement(ElementLocation.java:165)\r\n\tat org.openqa.selenium.remote.ElementLocation.findElement(ElementLocation.java:59)\r\n\tat org.openqa.selenium.remote.RemoteWebDriver.findElement(RemoteWebDriver.java:355)\r\n\tat org.openqa.selenium.remote.RemoteWebDriver.findElement(RemoteWebDriver.java:349)\r\n\tat ui.pages.DashboardPage.addToCart(DashboardPage.java:33)\r\n\tat ui.stepDef.DashboardStepDef.userClickAddToCart(DashboardStepDef.java:25)\r\n\tat ✽.user click add to cart(file:///A:/Shafa/homework/Gradlesha/FP/src/test/java/ui/features/dashboard.feature:19)\r\n","duration":32258800,"status":"failed"},"line":19,"name":"user click add to cart","match":{"location":"ui.stepDef.DashboardStepDef.userClickAddToCart()"},"keyword":"When "},{"result":{"duration":1003900,"status":"skipped"},"line":20,"name":"alert will show \"Bad parameter, token malformed.\"","match":{"arguments":[{"val":"\"Bad parameter, token malformed.\"","offset":16}],"location":"ui.stepDef.LoginStepDef.alertWillShow(java.lang.String)"},"keyword":"Then "}],"tags":[{"name":"@web"}]}],"name":"Dashboard","description":"","id":"dashboard","keyword":"Feature","uri":"file:src/test/java/ui/features/dashboard.feature","tags":[{"name":"@web","type":"Tag","location":{"line":1,"column":1}}]}]